{"failedCount":1,"prefixedPath":"src\/test\/java\/testa\/cucu.feature","packageQualifiedName":"src.test.java.testa.cucu","loopIndex":-1,"relativePath":"src\/test\/java\/testa\/cucu.feature","scenarioResults":[{"sectionIndex":0,"stepResults":[{"result":{"nanos":81259000,"millis":81.259,"status":"passed"},"step":{"background":true,"line":4,"prefix":"Given","index":0,"text":"url 'https:\/\/reqres.in\/api'"}},{"result":{"nanos":25333200,"errorMessage":"js failed:\n>>>>\n01: '\/users\/2\n<<<<\norg.graalvm.polyglot.PolyglotException: SyntaxError: Unnamed:1:9 Missing close quote\r\n'\/users\/2\r\n         ^\n\n- org.graalvm.polyglot.Context.eval(Context.java:425)\n- com.intuit.karate.graal.JsEngine.evalForValue(JsEngine.java:139)\n- com.intuit.karate.graal.JsEngine.eval(JsEngine.java:135)\n- com.intuit.karate.core.ScenarioEngine.evalJs(ScenarioEngine.java:1190)\n- com.intuit.karate.core.ScenarioEngine.path(ScenarioEngine.java:379)\n- com.intuit.karate.ScenarioActions.path(ScenarioActions.java:82)\n- java.base\/jdk.internal.reflect.NativeMethodAccessorImpl.invoke0(Native Method)\n\nsrc\/test\/java\/testa\/cucu.feature:7","millis":25.3332,"status":"failed"},"step":{"line":7,"prefix":"Given","index":0,"text":"path '\/users\/2"},"stepLog":"15:11:17.897 src\/test\/java\/testa\/cucu.feature:7\nGiven path '\/users\/2\njs failed:\n>>>>\n01: '\/users\/2\n<<<<\norg.graalvm.polyglot.PolyglotException: SyntaxError: Unnamed:1:9 Missing close quote\r\n'\/users\/2\r\n         ^\n\n- org.graalvm.polyglot.Context.eval(Context.java:425)\n- com.intuit.karate.graal.JsEngine.evalForValue(JsEngine.java:139)\n- com.intuit.karate.graal.JsEngine.eval(JsEngine.java:135)\n- com.intuit.karate.core.ScenarioEngine.evalJs(ScenarioEngine.java:1190)\n- com.intuit.karate.core.ScenarioEngine.path(ScenarioEngine.java:379)\n- com.intuit.karate.ScenarioActions.path(ScenarioActions.java:82)\n- java.base\/jdk.internal.reflect.NativeMethodAccessorImpl.invoke0(Native Method)\n\nsrc\/test\/java\/testa\/cucu.feature:7\n"},{"result":{"nanos":0,"millis":0.0,"status":"skipped"},"step":{"line":8,"prefix":"When","index":1,"text":"method GET"}},{"result":{"nanos":0,"millis":0.0,"status":"skipped"},"step":{"line":9,"prefix":"Then","index":2,"text":"status 200"}},{"result":{"nanos":0,"millis":0.0,"status":"skipped"},"step":{"line":10,"prefix":"And","index":3,"text":"print response"}}],"line":6,"description":"","durationMillis":106.5922,"failed":true,"error":"js failed:\n>>>>\n01: '\/users\/2\n<<<<\norg.graalvm.polyglot.PolyglotException: SyntaxError: Unnamed:1:9 Missing close quote\r\n'\/users\/2\r\n         ^\n\n- org.graalvm.polyglot.Context.eval(Context.java:425)\n- com.intuit.karate.graal.JsEngine.evalForValue(JsEngine.java:139)\n- com.intuit.karate.graal.JsEngine.eval(JsEngine.java:135)\n- com.intuit.karate.core.ScenarioEngine.evalJs(ScenarioEngine.java:1190)\n- com.intuit.karate.core.ScenarioEngine.path(ScenarioEngine.java:379)\n- com.intuit.karate.ScenarioActions.path(ScenarioActions.java:82)\n- java.base\/jdk.internal.reflect.NativeMethodAccessorImpl.invoke0(Native Method)\n\nsrc\/test\/java\/testa\/cucu.feature:7","executorName":"main","name":"Get user success flow","startTime":1678182077770,"refId":"[1:6]","endTime":1678182077897,"exampleIndex":-1}],"callDepth":0,"name":"Get users demo","description":"","resultDate":"2023-03-07 03:11:17 pm","durationMillis":106.5922,"passedCount":0}